<?xml version="1.0" encoding="utf-8"?><testsuites><testsuite name="pytest" errors="0" failures="0" skipped="0" tests="5" time="78.295" timestamp="2021-04-28T15:50:24.014375" hostname="PC-20210425PVWR"><testcase classname="test_dir.test_login.TestLogin" name="test_success_login" time="17.030" /><testcase classname="test_dir.test_login.TestLogin" name="test_false_username" time="14.694" /><testcase classname="test_dir.test_login.TestLogin" name="test_false_pwd" time="14.828" /><testcase classname="test_dir.test_login.TestLogin" name="test_without_username" time="14.783" /><testcase classname="test_dir.test_login.TestLogin" name="test_without_pwd" time="16.874" /></testsuite></testsuites>