<?xml version="1.0" encoding="utf-8"?><testsuites><testsuite name="pytest" errors="0" failures="0" skipped="0" tests="2" time="13.015" timestamp="2021-04-28T15:04:37.881818" hostname="PC-20210425PVWR"><testcase classname="test_dir.test_baidu.TestSearch" name="test_baidu_search_case" time="5.601" /><testcase classname="test_dir.test_baidu.TestSearchSettings" name="test_baidu_search_setting" time="7.342" /></testsuite></testsuites>